<?xml version="1.0" encoding="UTF-8"?><testsuite errors="1" failures="0" name="inicio de sesion exitoso" skipped="0" tests="1" time="15.24" timestamp="2021-05-03 03:38:32"><testcase name="ejecutar exitosamente inicio de sesion en la aplicacion"><error type="net.serenitybdd.core.exceptions.UnrecognisedException"/><system-err>null&#13;
io.cucumber.datatable.UndefinedDataTableTypeException.listNoConverterDefined(UndefinedDataTableTypeException.java:54)&#13;
io.cucumber.datatable.DataTableTypeRegistryTableConverter.toList(DataTableTypeRegistryTableConverter.java:143)&#13;
io.cucumber.datatable.DataTableTypeRegistryTableConverter.convert(DataTableTypeRegistryTableConverter.java:96)&#13;
io.cucumber.datatable.DataTable.convert(DataTable.java:360)&#13;
io.cucumber.core.stepexpression.StepExpressionFactory.lambda$createExpression$4(StepExpressionFactory.java:63)&#13;
io.cucumber.core.stepexpression.DataTableArgument.getValue(DataTableArgument.java:19)&#13;
io.cucumber.core.runner.PickleStepDefinitionMatch.runStep(PickleStepDefinitionMatch.java:47)&#13;
io.cucumber.core.runner.TestStep.executeStep(TestStep.java:64)&#13;
io.cucumber.core.runner.TestStep.run(TestStep.java:49)&#13;
io.cucumber.core.runner.PickleStepTestStep.run(PickleStepTestStep.java:46)&#13;
io.cucumber.core.runner.TestCase.run(TestCase.java:51)&#13;
io.cucumber.core.runner.Runner.runPickle(Runner.java:66)&#13;
io.cucumber.junit.FeatureRunner.runChild(FeatureRunner.java:83)&#13;
io.cucumber.junit.FeatureRunner.runChild(FeatureRunner.java:24)&#13;
io.cucumber.junit.CucumberSerenityRunner.runChild(CucumberSerenityRunner.java:227)&#13;
io.cucumber.junit.CucumberSerenityRunner.runChild(CucumberSerenityRunner.java:54)&#13;
</system-err></testcase></testsuite>